<?xml version="1.0" encoding="UTF-8"?>
<testng-results ignored="0" total="1" passed="1" failed="0" skipped="0">
  <reporter-output>
  </reporter-output>
  <suite started-at="2025-05-11T16:46:24 IST" name="SmartGarage Automation Suite" finished-at="2025-05-11T16:46:36 IST" duration-ms="12384">
    <groups>
    </groups>
    <test started-at="2025-05-11T16:46:24 IST" name="Login Test" finished-at="2025-05-11T16:46:36 IST" duration-ms="12384">
      <class name="tests.LoginTest">
        <test-method is-config="true" signature="setUp(java.lang.reflect.Method)[pri:0, instance:tests.LoginTest@1c1bbc4e]" started-at="2025-05-11T16:46:24 IST" name="setUp" finished-at="2025-05-11T16:46:32 IST" duration-ms="8059" status="PASS">
          <params>
            <param index="0">
              <value>
                <![CDATA[public void tests.LoginTest.customerLoginAndHomepageValidation()]]>
              </value>
            </param>
          </params>
          <reporter-output>
          </reporter-output>
        </test-method> <!-- setUp -->
        <test-method signature="customerLoginAndHomepageValidation()[pri:0, instance:tests.LoginTest@1c1bbc4e]" started-at="2025-05-11T16:46:32 IST" name="customerLoginAndHomepageValidation" finished-at="2025-05-11T16:46:34 IST" duration-ms="1827" status="PASS">
          <reporter-output>
          </reporter-output>
        </test-method> <!-- customerLoginAndHomepageValidation -->
        <test-method is-config="true" signature="tearDown(org.testng.ITestResult)[pri:0, instance:tests.LoginTest@1c1bbc4e]" started-at="2025-05-11T16:46:34 IST" name="tearDown" finished-at="2025-05-11T16:46:36 IST" duration-ms="2403" status="PASS">
          <params>
            <param index="0">
              <value>
                <![CDATA[[TestResult name=customerLoginAndHomepageValidation status=SUCCESS method=LoginTest.customerLoginAndHomepageValidation()[pri:0, instance:tests.LoginTest@1c1bbc4e] output={null}]]]>
              </value>
            </param>
          </params>
          <reporter-output>
          </reporter-output>
        </test-method> <!-- tearDown -->
      </class> <!-- tests.LoginTest -->
    </test> <!-- Login Test -->
  </suite> <!-- SmartGarage Automation Suite -->
</testng-results>
